<?xml version="1.0" encoding="UTF-8"?>
<!-- Generated by org.testng.reporters.JUnitReportReporter -->
<testsuite hostname="LTIN485797" failures="0" tests="1" name="testCases.TC002_ValidateWelcomeMessage" time="15.229" errors="0" timestamp="2024-04-02T14:27:45 IST" skipped="0">
  <testcase classname="testCases.TC002_ValidateWelcomeMessage" name="welcomeMsgValidation" time="15.229"/>
</testsuite> <!-- testCases.TC002_ValidateWelcomeMessage -->
