<?xml version="1.0" encoding="UTF-8"?>
<!-- Generated by org.testng.reporters.JUnitReportReporter -->
<testsuite hostname="LTIN485797" failures="0" tests="1" name="testCases.TC_2_ValidateWelcome" time="16.417" errors="0" timestamp="2024-03-27T14:41:40 IST" skipped="0">
  <testcase classname="testCases.TC_2_ValidateWelcome" name="validateWelcomeMessage" time="16.417"/>
</testsuite> <!-- testCases.TC_2_ValidateWelcome -->
