<?xml version="1.0" encoding="UTF-8"?>
<!-- Generated by org.testng.reporters.JUnitReportReporter -->
<testsuite hostname="LTIN485797" failures="0" tests="1" name="testCases.TC_4_ValidateLanguageList" time="0.290" errors="0" timestamp="2024-03-28T09:58:29 IST" skipped="0">
  <testcase classname="testCases.TC_4_ValidateLanguageList" name="validateLanguageList" time="0.290"/>
</testsuite> <!-- testCases.TC_4_ValidateLanguageList -->
