<?xml version="1.0" encoding="UTF-8"?>
<!-- Generated by org.testng.reporters.JUnitReportReporter -->
<testsuite hostname="LTIN485797" failures="0" tests="1" name="testCases.TC_2_ValidateWelcomeMessage" time="17.218" errors="0" timestamp="2024-03-28T09:58:29 IST" skipped="0">
  <testcase classname="testCases.TC_2_ValidateWelcomeMessage" name="validateWelcomeMessage" time="17.218"/>
</testsuite> <!-- testCases.TC_2_ValidateWelcomeMessage -->
