<?xml version="1.0" encoding="UTF-8"?>
<!-- Generated by org.testng.reporters.JUnitReportReporter -->
<testsuite hostname="LTIN485797" failures="0" tests="1" name="testCases.TC005_ValidateGSDDetails" time="11.927" errors="0" timestamp="2024-04-02T14:27:45 IST" skipped="0">
  <testcase classname="testCases.TC005_ValidateGSDDetails" name="validateGsdDetails" time="11.927"/>
</testsuite> <!-- testCases.TC005_ValidateGSDDetails -->
