<?xml version="1.0" encoding="UTF-8"?>
<!-- Generated by org.testng.reporters.JUnitReportReporter -->
<testsuite hostname="LTIN485797" failures="0" tests="1" name="testCases.TC_1_ValidateUser" time="5.640" errors="0" timestamp="2024-03-28T09:58:29 IST" skipped="0">
  <testcase classname="testCases.TC_1_ValidateUser" name="validateUser" time="5.640"/>
</testsuite> <!-- testCases.TC_1_ValidateUser -->
