<?xml version="1.0" encoding="UTF-8"?>
<!-- Generated by org.testng.reporters.JUnitReportReporter -->
<testsuite hostname="LTIN485797" failures="0" tests="1" name="testCases.TC_3_ValidateLanguageAndCountry" time="0.176" errors="0" timestamp="2024-03-28T09:58:29 IST" skipped="0">
  <testcase classname="testCases.TC_3_ValidateLanguageAndCountry" name="validateLanguageAndCountry" time="0.176"/>
</testsuite> <!-- testCases.TC_3_ValidateLanguageAndCountry -->
